<?xml version="1.0" encoding="UTF-8"?>
<!-- Generated by org.testng.reporters.JUnitReportReporter -->
<testsuite hostname="LAPTOP-7J7LM3PT" failures="0" tests="2" name="maventutorial.Mavenjava.SeleniumTest" time="0.020" errors="0" timestamp="2020-05-08T23:53:51 CDT" skipped="0">
  <testcase classname="maventutorial.Mavenjava.SeleniumTest" name="elementsUi" time="0.002"/>
  <system-out/>
  <testcase classname="maventutorial.Mavenjava.SeleniumTest" name="BrowserAutomation" time="0.018"/>
  <system-out/>
</testsuite> <!-- maventutorial.Mavenjava.SeleniumTest -->
