<?xml version="1.0" encoding="UTF-8"?>
<!-- Generated by org.testng.reporters.JUnitReportReporter -->
<testsuite hostname="LAPTOP-7J7LM3PT" failures="0" tests="2" name="maventutorial.Mavenjava.AppiumTest" time="0.006" errors="0" timestamp="2020-05-11T00:01:47 CDT" skipped="0">
  <testcase classname="maventutorial.Mavenjava.AppiumTest" name="IOSApps" time="0.005"/>
  <system-out/>
  <testcase classname="maventutorial.Mavenjava.AppiumTest" name="NativeAppAndroid" time="0.001"/>
  <system-out/>
</testsuite> <!-- maventutorial.Mavenjava.AppiumTest -->
